ParseStarterProject/build/intermediates/manifest_merge_blame_file/debug/manifest-merger-blame-debug-report.txt
1<?xml version="1.0" encoding="utf-8"?>
2<manifest xmlns:android="http://schemas.android.com/apk/res/android"
3    package="com.parse.starter"
4    android:versionCode="1"
5    android:versionName="1.0" >
6
7    <uses-sdk
8        android:minSdkVersion="9"
8-->src/main/AndroidManifest.xml
9        android:targetSdkVersion="23" />
9-->src/main/AndroidManifest.xml
10
11    <uses-permission android:name="android.permission.INTERNET" />
11-->src/main/AndroidManifest.xml:5:5-67
11-->src/main/AndroidManifest.xml:5:22-64
12    <uses-permission android:name="android.permission.ACCESS_NETWORK_STATE" />
12-->src/main/AndroidManifest.xml:6:5-79
12-->src/main/AndroidManifest.xml:6:22-76
13    <uses-permission android:name="android.permission.READ_EXTERNAL_STORAGE" />
13-->src/main/AndroidManifest.xml:7:5-80
13-->src/main/AndroidManifest.xml:7:22-77
14    <uses-permission android:name="android.permission.ACCESS_FINE_LOCATION" />
14-->src/main/AndroidManifest.xml:8:5-79
14-->src/main/AndroidManifest.xml:8:22-76
15
16    <!-- Optional permission for Analytics to run. -->
17    <uses-permission android:name="android.permission.WAKE_LOCK" /> <!-- Permissions required for GCM -->
17-->[com.google.android.gms:play-services-analytics:9.4.0] AndroidManifest.xml:25:5-67
17-->[com.google.android.gms:play-services-analytics:9.4.0] AndroidManifest.xml:25:22-65
18    <uses-permission android:name="com.google.android.c2dm.permission.RECEIVE" />
18-->[com.google.android.gms:play-services-gcm:9.4.0] AndroidManifest.xml:21:5-82
18-->[com.google.android.gms:play-services-gcm:9.4.0] AndroidManifest.xml:21:22-79
19
20    <uses-feature
20-->[com.google.android.gms:play-services-maps:9.4.0] AndroidManifest.xml:22:5-24:33
21        android:glEsVersion="0x00020000"
21-->[com.google.android.gms:play-services-maps:9.4.0] AndroidManifest.xml:23:8-40
22        android:required="true" />
22-->[com.google.android.gms:play-services-maps:9.4.0] AndroidManifest.xml:24:8-31
23
24    <permission
24-->[com.google.firebase:firebase-iid:9.4.0] AndroidManifest.xml:25:5-26:47
25        android:name="com.parse.starter.permission.C2D_MESSAGE"
25-->[com.google.firebase:firebase-iid:9.4.0] AndroidManifest.xml:25:17-71
26        android:protectionLevel="signature" />
26-->[com.google.firebase:firebase-iid:9.4.0] AndroidManifest.xml:26:9-44
27
28    <uses-permission android:name="com.parse.starter.permission.C2D_MESSAGE" />
28-->[com.google.firebase:firebase-iid:9.4.0] AndroidManifest.xml:28:5-79
28-->[com.google.firebase:firebase-iid:9.4.0] AndroidManifest.xml:28:22-76
29
30    <application
30-->src/main/AndroidManifest.xml:10:5-27:19
31        android:name="com.parse.starter.StarterApplication"
31-->src/main/AndroidManifest.xml:11:9-43
32        android:allowBackup="true"
32-->src/main/AndroidManifest.xml:12:9-35
33        android:debuggable="true"
34        android:icon="@mipmap/ic_launcher"
34-->src/main/AndroidManifest.xml:13:9-43
35        android:label="@string/app_name"
35-->src/main/AndroidManifest.xml:14:9-41
36        android:testOnly="true"
37        android:theme="@style/AppTheme" >
37-->src/main/AndroidManifest.xml:15:9-40
38        <activity android:name="com.parse.starter.UserProfileActivity" />
38-->src/main/AndroidManifest.xml:16:9-66
38-->src/main/AndroidManifest.xml:16:19-54
39        <activity android:name="com.parse.starter.HomepageActivity" />
39-->src/main/AndroidManifest.xml:17:9-54
39-->src/main/AndroidManifest.xml:17:19-51
40        <activity
40-->src/main/AndroidManifest.xml:18:9-26:20
41            android:name="com.parse.starter.MainActivity"
41-->src/main/AndroidManifest.xml:19:13-41
42            android:label="@string/app_name" >
42-->src/main/AndroidManifest.xml:20:13-45
43            <intent-filter>
43-->src/main/AndroidManifest.xml:21:13-25:29
44                <action android:name="android.intent.action.MAIN" />
44-->src/main/AndroidManifest.xml:22:17-69
44-->src/main/AndroidManifest.xml:22:25-66
45
46                <category android:name="android.intent.category.LAUNCHER" />
46-->src/main/AndroidManifest.xml:24:17-77
46-->src/main/AndroidManifest.xml:24:27-74
47            </intent-filter>
48        </activity>
49
50        <receiver android:name="com.google.android.gms.cast.framework.media.MediaIntentReceiver" />
50-->[com.google.android.gms:play-services-cast-framework:9.4.0] AndroidManifest.xml:6:9-100
50-->[com.google.android.gms:play-services-cast-framework:9.4.0] AndroidManifest.xml:6:19-97
51
52        <service android:name="com.google.android.gms.cast.framework.media.MediaNotificationService" />
52-->[com.google.android.gms:play-services-cast-framework:9.4.0] AndroidManifest.xml:7:9-104
52-->[com.google.android.gms:play-services-cast-framework:9.4.0] AndroidManifest.xml:7:18-101
53        <service android:name="com.google.android.gms.cast.framework.ReconnectionService" /> <!-- Include the AdActivity and InAppPurchaseActivity configChanges and themes. -->
53-->[com.google.android.gms:play-services-cast-framework:9.4.0] AndroidManifest.xml:8:9-92
53-->[com.google.android.gms:play-services-cast-framework:9.4.0] AndroidManifest.xml:8:18-90
54        <activity
54-->[com.google.android.gms:play-services-ads-lite:9.4.0] AndroidManifest.xml:26:9-29:64
55            android:name="com.google.android.gms.ads.AdActivity"
55-->[com.google.android.gms:play-services-ads-lite:9.4.0] AndroidManifest.xml:27:13-65
56            android:configChanges="keyboard|keyboardHidden|orientation|screenLayout|uiMode|screenSize|smallestScreenSize"
56-->[com.google.android.gms:play-services-ads-lite:9.4.0] AndroidManifest.xml:28:13-122
57            android:theme="@android:style/Theme.Translucent" />
57-->[com.google.android.gms:play-services-ads-lite:9.4.0] AndroidManifest.xml:29:13-61
58        <activity
58-->[com.google.android.gms:play-services-ads-lite:9.4.0] AndroidManifest.xml:30:9-31:52
59            android:name="com.google.android.gms.ads.purchase.InAppPurchaseActivity"
59-->[com.google.android.gms:play-services-ads-lite:9.4.0] AndroidManifest.xml:30:19-91
60            android:theme="@style/Theme.IAPTheme" />
60-->[com.google.android.gms:play-services-ads-lite:9.4.0] AndroidManifest.xml:31:13-50
61        <activity
61-->[com.google.android.gms:play-services-appinvite:9.4.0] AndroidManifest.xml:21:9-29:20
62            android:name="com.google.android.gms.appinvite.PreviewActivity"
62-->[com.google.android.gms:play-services-appinvite:9.4.0] AndroidManifest.xml:22:17-48
63            android:exported="true"
63-->[com.google.android.gms:play-services-appinvite:9.4.0] AndroidManifest.xml:23:17-40
64            android:theme="@style/Theme.AppInvite.Preview" >
64-->[com.google.android.gms:play-services-appinvite:9.4.0] AndroidManifest.xml:24:17-63
65            <intent-filter>
65-->[com.google.android.gms:play-services-appinvite:9.4.0] AndroidManifest.xml:25:13-28:29
66                <action android:name="com.google.android.gms.appinvite.ACTION_PREVIEW" />
66-->[com.google.android.gms:play-services-appinvite:9.4.0] AndroidManifest.xml:26:17-89
66-->[com.google.android.gms:play-services-appinvite:9.4.0] AndroidManifest.xml:26:25-87
67
68                <category android:name="android.intent.category.DEFAULT" />
68-->[com.google.android.gms:play-services-appinvite:9.4.0] AndroidManifest.xml:27:17-75
68-->[com.google.android.gms:play-services-appinvite:9.4.0] AndroidManifest.xml:27:27-73
69            </intent-filter>
70        </activity>
71        <activity
71-->[com.google.android.gms:play-services-auth:9.4.0] AndroidManifest.xml:21:9-24:46
72            android:name="com.google.android.gms.auth.api.signin.internal.SignInHubActivity"
72-->[com.google.android.gms:play-services-auth:9.4.0] AndroidManifest.xml:21:19-68
73            android:excludeFromRecents="true"
73-->[com.google.android.gms:play-services-auth:9.4.0] AndroidManifest.xml:23:19-52
74            android:exported="false"
74-->[com.google.android.gms:play-services-auth:9.4.0] AndroidManifest.xml:24:19-43
75            android:theme="@android:style/Theme.Translucent.NoTitleBar" />
75-->[com.google.android.gms:play-services-auth:9.4.0] AndroidManifest.xml:22:19-78
76        <!--
77Service handling Google Sign-In user revocation. For apps that do not integrate with
78            Google Sign-In, this service will never be started.
79        -->
80        <service
80-->[com.google.android.gms:play-services-auth:9.4.0] AndroidManifest.xml:28:9-31:110
81            android:name="com.google.android.gms.auth.api.signin.RevocationBoundService"
81-->[com.google.android.gms:play-services-auth:9.4.0] AndroidManifest.xml:29:13-58
82            android:exported="true"
82-->[com.google.android.gms:play-services-auth:9.4.0] AndroidManifest.xml:30:13-36
83            android:permission="com.google.android.gms.auth.api.signin.permission.REVOCATION_NOTIFICATION" />
83-->[com.google.android.gms:play-services-auth:9.4.0] AndroidManifest.xml:31:13-107
84        <service
84-->[com.google.firebase:firebase-crash:9.4.0] AndroidManifest.xml:26:9-27:50
85            android:name="com.google.firebase.crash.internal.service.FirebaseCrashReceiverService"
85-->[com.google.firebase:firebase-crash:9.4.0] AndroidManifest.xml:26:18-79
86            android:process=":background_crash" />
86-->[com.google.firebase:firebase-crash:9.4.0] AndroidManifest.xml:27:13-48
87        <service
87-->[com.google.firebase:firebase-crash:9.4.0] AndroidManifest.xml:29:9-30:50
88            android:name="com.google.firebase.crash.internal.service.FirebaseCrashSenderService"
88-->[com.google.firebase:firebase-crash:9.4.0] AndroidManifest.xml:29:18-77
89            android:process=":background_crash" />
89-->[com.google.firebase:firebase-crash:9.4.0] AndroidManifest.xml:30:13-48
90
91        <activity
91-->[com.google.android.gms:play-services-base:9.4.0] AndroidManifest.xml:20:9-22:45
92            android:name="com.google.android.gms.common.api.GoogleApiActivity"
92-->[com.google.android.gms:play-services-base:9.4.0] AndroidManifest.xml:20:19-85
93            android:exported="false"
93-->[com.google.android.gms:play-services-base:9.4.0] AndroidManifest.xml:22:19-43
94            android:theme="@android:style/Theme.Translucent.NoTitleBar" />
94-->[com.google.android.gms:play-services-base:9.4.0] AndroidManifest.xml:21:19-78
95        <!--
96 FirebaseMessagingService performs security checks at runtime,
97             no need for explicit permissions despite exported="true"
98        -->
99        <service
99-->[com.google.firebase:firebase-messaging:9.4.0] AndroidManifest.xml:24:9-30:19
100            android:name="com.google.firebase.messaging.FirebaseMessagingService"
100-->[com.google.firebase:firebase-messaging:9.4.0] AndroidManifest.xml:25:13-82
101            android:exported="true" >
101-->[com.google.firebase:firebase-messaging:9.4.0] AndroidManifest.xml:26:13-36
102            <intent-filter android:priority="-500" >
102-->[com.google.firebase:firebase-messaging:9.4.0] AndroidManifest.xml:27:13-29:29
102-->[com.google.firebase:firebase-messaging:9.4.0] AndroidManifest.xml:27:28-51
103                <action android:name="com.google.firebase.MESSAGING_EVENT" />
103-->[com.google.firebase:firebase-messaging:9.4.0] AndroidManifest.xml:28:17-78
103-->[com.google.firebase:firebase-messaging:9.4.0] AndroidManifest.xml:28:25-75
104            </intent-filter>
105        </service>
106        <service
106-->[com.google.android.gms:play-services-tagmanager-api:9.4.0] AndroidManifest.xml:25:9-27:42
107            android:name="com.google.android.gms.tagmanager.TagManagerService"
107-->[com.google.android.gms:play-services-tagmanager-api:9.4.0] AndroidManifest.xml:25:18-84
108            android:enabled="true"
108-->[com.google.android.gms:play-services-tagmanager-api:9.4.0] AndroidManifest.xml:27:17-39
109            android:exported="false" />
109-->[com.google.android.gms:play-services-tagmanager-api:9.4.0] AndroidManifest.xml:26:17-41
110
111        <activity
111-->[com.google.android.gms:play-services-tagmanager-api:9.4.0] AndroidManifest.xml:28:9-37:20
112            android:name="com.google.android.gms.tagmanager.TagManagerPreviewActivity"
112-->[com.google.android.gms:play-services-tagmanager-api:9.4.0] AndroidManifest.xml:29:13-87
113            android:noHistory="true" > <!-- optional, removes the previewActivity from the activity stack. -->
113-->[com.google.android.gms:play-services-tagmanager-api:9.4.0] AndroidManifest.xml:30:13-37
114            <intent-filter>
114-->[com.google.android.gms:play-services-tagmanager-api:9.4.0] AndroidManifest.xml:31:13-36:29
115                <data android:scheme="tagmanager.c.com.parse.starter" />
115-->[com.google.android.gms:play-services-tagmanager-api:9.4.0] AndroidManifest.xml:32:17-72
115-->[com.google.android.gms:play-services-tagmanager-api:9.4.0] AndroidManifest.xml:32:23-69
116
117                <action android:name="android.intent.action.VIEW" />
117-->[com.google.android.gms:play-services-tagmanager-api:9.4.0] AndroidManifest.xml:33:17-69
117-->[com.google.android.gms:play-services-tagmanager-api:9.4.0] AndroidManifest.xml:33:25-66
118
119                <category android:name="android.intent.category.DEFAULT" />
119-->[com.google.android.gms:play-services-appinvite:9.4.0] AndroidManifest.xml:27:17-75
119-->[com.google.android.gms:play-services-appinvite:9.4.0] AndroidManifest.xml:27:27-73
120                <category android:name="android.intent.category.BROWSABLE" />
120-->[com.google.android.gms:play-services-tagmanager-api:9.4.0] AndroidManifest.xml:35:17-77
120-->[com.google.android.gms:play-services-tagmanager-api:9.4.0] AndroidManifest.xml:35:27-75
121            </intent-filter>
122        </activity>
123
124        <receiver
124-->[com.google.firebase:firebase-analytics:9.4.0] AndroidManifest.xml:28:7-34:18
125            android:name="com.google.android.gms.measurement.AppMeasurementReceiver"
125-->[com.google.firebase:firebase-analytics:9.4.0] AndroidManifest.xml:29:11-83
126            android:enabled="true" >
126-->[com.google.firebase:firebase-analytics:9.4.0] AndroidManifest.xml:30:11-33
127            <intent-filter>
127-->[com.google.firebase:firebase-analytics:9.4.0] AndroidManifest.xml:31:9-33:25
128                <action android:name="com.google.android.gms.measurement.UPLOAD" />
128-->[com.google.firebase:firebase-analytics:9.4.0] AndroidManifest.xml:32:11-77
128-->[com.google.firebase:firebase-analytics:9.4.0] AndroidManifest.xml:32:19-75
129            </intent-filter>
130        </receiver>
131
132        <service
132-->[com.google.firebase:firebase-analytics:9.4.0] AndroidManifest.xml:36:7-39:37
133            android:name="com.google.android.gms.measurement.AppMeasurementService"
133-->[com.google.firebase:firebase-analytics:9.4.0] AndroidManifest.xml:37:11-82
134            android:enabled="true"
134-->[com.google.firebase:firebase-analytics:9.4.0] AndroidManifest.xml:38:11-33
135            android:exported="false" />
135-->[com.google.firebase:firebase-analytics:9.4.0] AndroidManifest.xml:39:11-35
136
137        <receiver
137-->[com.google.firebase:firebase-iid:9.4.0] AndroidManifest.xml:32:9-41:20
138            android:name="com.google.firebase.iid.FirebaseInstanceIdReceiver"
138-->[com.google.firebase:firebase-iid:9.4.0] AndroidManifest.xml:33:13-78
139            android:exported="true"
139-->[com.google.firebase:firebase-iid:9.4.0] AndroidManifest.xml:34:13-36
140            android:permission="com.google.android.c2dm.permission.SEND" >
140-->[com.google.firebase:firebase-iid:9.4.0] AndroidManifest.xml:35:13-73
141            <intent-filter>
141-->[com.google.firebase:firebase-iid:9.4.0] AndroidManifest.xml:36:13-40:29
142                <action android:name="com.google.android.c2dm.intent.RECEIVE" />
142-->[com.google.firebase:firebase-iid:9.4.0] AndroidManifest.xml:37:17-81
142-->[com.google.firebase:firebase-iid:9.4.0] AndroidManifest.xml:37:25-78
143                <action android:name="com.google.android.c2dm.intent.REGISTRATION" />
143-->[com.google.firebase:firebase-iid:9.4.0] AndroidManifest.xml:38:17-86
143-->[com.google.firebase:firebase-iid:9.4.0] AndroidManifest.xml:38:25-83
144
145                <category android:name="com.parse.starter" />
145-->[com.google.firebase:firebase-iid:9.4.0] AndroidManifest.xml:39:17-61
145-->[com.google.firebase:firebase-iid:9.4.0] AndroidManifest.xml:39:27-58
146            </intent-filter>
147        </receiver>
148        <!--
149 Internal (not exported) receiver used by the app to start its own exported services
150             without risk of being spoofed.
151        -->
152        <receiver
152-->[com.google.firebase:firebase-iid:9.4.0] AndroidManifest.xml:45:9-47:40
153            android:name="com.google.firebase.iid.FirebaseInstanceIdInternalReceiver"
153-->[com.google.firebase:firebase-iid:9.4.0] AndroidManifest.xml:46:13-86
154            android:exported="false" />
154-->[com.google.firebase:firebase-iid:9.4.0] AndroidManifest.xml:47:13-37
155        <!--
156 FirebaseInstanceIdService performs security checks at runtime,
157             no need for explicit permissions despite exported="true"
158        -->
159        <service
159-->[com.google.firebase:firebase-iid:9.4.0] AndroidManifest.xml:51:9-57:19
160            android:name="com.google.firebase.iid.FirebaseInstanceIdService"
160-->[com.google.firebase:firebase-iid:9.4.0] AndroidManifest.xml:52:13-77
161            android:exported="true" >
161-->[com.google.firebase:firebase-iid:9.4.0] AndroidManifest.xml:53:13-36
162            <intent-filter android:priority="-500" >
162-->[com.google.firebase:firebase-iid:9.4.0] AndroidManifest.xml:54:13-56:29
162-->[com.google.firebase:firebase-iid:9.4.0] AndroidManifest.xml:54:28-51
163                <action android:name="com.google.firebase.INSTANCE_ID_EVENT" />
163-->[com.google.firebase:firebase-iid:9.4.0] AndroidManifest.xml:55:17-80
163-->[com.google.firebase:firebase-iid:9.4.0] AndroidManifest.xml:55:25-77
164            </intent-filter>
165        </service>
166
167        <provider
167-->[com.google.firebase:firebase-common:9.4.0] AndroidManifest.xml:7:9-11:39
168            android:name="com.google.firebase.provider.FirebaseInitProvider"
168-->[com.google.firebase:firebase-common:9.4.0] AndroidManifest.xml:9:13-58
169            android:authorities="com.parse.starter.firebaseinitprovider"
169-->[com.google.firebase:firebase-common:9.4.0] AndroidManifest.xml:8:13-72
170            android:exported="false"
170-->[com.google.firebase:firebase-common:9.4.0] AndroidManifest.xml:10:13-37
171            android:initOrder="100" />
171-->[com.google.firebase:firebase-common:9.4.0] AndroidManifest.xml:11:13-36
172
173        <meta-data
173-->[com.google.android.gms:play-services-basement:9.4.0] AndroidManifest.xml:21:9-23:69
174            android:name="com.google.android.gms.version"
174-->[com.google.android.gms:play-services-basement:9.4.0] AndroidManifest.xml:22:13-58
175            android:value="@integer/google_play_services_version" />
175-->[com.google.android.gms:play-services-basement:9.4.0] AndroidManifest.xml:23:13-66
176    </application>
177
178</manifest>